\BOOKMARK [1][-]{section.1}{\376\377\000I\000n\000t\000r\000o\000d\000u\000c\000t\000i\000o\000n}{}% 1
\BOOKMARK [1][-]{section.2}{\376\377\000B\000a\000s\000e\000l\000i\000n\000e\000\040\000M\000o\000d\000e\000l}{}% 2
\BOOKMARK [2][-]{subsection.2.1}{\376\377\000H\000o\000u\000s\000e\000h\000o\000l\000d}{section.2}% 3
\BOOKMARK [2][-]{subsection.2.2}{\376\377\000F\000i\000n\000a\000l\000\040\000G\000o\000o\000d\000s\000\040\000P\000r\000o\000d\000u\000c\000e\000r}{section.2}% 4
\BOOKMARK [2][-]{subsection.2.3}{\376\377\000I\000n\000t\000e\000r\000m\000e\000d\000i\000a\000t\000e\000\040\000G\000o\000o\000d\000s\000\040\000P\000r\000o\000d\000u\000c\000e\000r}{section.2}% 5
\BOOKMARK [2][-]{subsection.2.4}{\376\377\000W\000a\000g\000e\000\040\000S\000e\000t\000t\000i\000n\000g}{section.2}% 6
\BOOKMARK [2][-]{subsection.2.5}{\376\377\000G\000o\000v\000e\000r\000n\000m\000e\000n\000t}{section.2}% 7
\BOOKMARK [2][-]{subsection.2.6}{\376\377\000R\000e\000s\000o\000u\000r\000c\000e\000\040\000C\000o\000n\000s\000t\000r\000a\000i\000n\000t}{section.2}% 8
\BOOKMARK [1][-]{section.3}{\376\377\000E\000q\000u\000i\000l\000i\000b\000r\000i\000u\000m\000\040\000S\000o\000l\000u\000t\000i\000o\000n\000\040\000M\000e\000t\000h\000o\000d}{}% 9
\BOOKMARK [2][-]{subsection.3.1}{\376\377\000I\000n\000v\000e\000s\000t\000m\000e\000n\000t\000\040\000D\000e\000m\000a\000n\000d\000\040\000S\000h\000o\000c\000k\000\040\000a\000n\000d\000\040\000S\000e\000c\000o\000n\000d\000-\000s\000t\000a\000g\000e\000\040\000M\000o\000d\000e\000l}{section.3}% 10
\BOOKMARK [2][-]{subsection.3.2}{\376\377\000F\000r\000i\000c\000t\000i\000o\000n\000l\000e\000s\000s\000\040\000P\000a\000r\000a\000l\000l\000e\000l\000\040\000M\000o\000d\000e\000l\000s}{section.3}% 11
\BOOKMARK [2][-]{subsection.3.3}{\376\377\000D\000e\000t\000r\000e\000n\000d\000\040\000a\000n\000d\000\040\000L\000o\000g\000-\000l\000i\000n\000e\000a\000r\000i\000z\000a\000t\000i\000o\000n}{section.3}% 12
\BOOKMARK [1][-]{section.4}{\376\377\000E\000s\000t\000i\000m\000a\000t\000i\000o\000n}{}% 13
\BOOKMARK [2][-]{subsection.4.1}{\376\377\000D\000a\000t\000a}{section.4}% 14
\BOOKMARK [2][-]{subsection.4.2}{\376\377\000P\000r\000i\000o\000r\000\040\000a\000n\000d\000\040\000P\000o\000s\000t\000e\000r\000i\000o\000r\000\040\000D\000i\000s\000t\000r\000i\000b\000u\000t\000i\000o\000n\000s}{section.4}% 15
\BOOKMARK [1][-]{section.5}{\376\377\000R\000e\000s\000u\000l\000t\000s}{}% 16
\BOOKMARK [2][-]{subsection.5.1}{\376\377\000M\000o\000m\000e\000n\000t\000s}{section.5}% 17
\BOOKMARK [2][-]{subsection.5.2}{\376\377\000F\000o\000r\000e\000c\000a\000s\000t\000\040\000E\000r\000r\000o\000r\000\040\000V\000a\000r\000i\000a\000n\000c\000e\000\040\000D\000e\000c\000o\000m\000p\000o\000s\000i\000t\000i\000o\000n}{section.5}% 18
\BOOKMARK [2][-]{subsection.5.3}{\376\377\000I\000n\000f\000l\000a\000t\000i\000o\000n\000\040\000I\000m\000p\000a\000c\000t}{section.5}% 19
\BOOKMARK [2][-]{subsection.5.4}{\376\377\000C\000o\000n\000s\000u\000m\000p\000t\000i\000o\000n\000\040\000I\000m\000p\000a\000c\000t}{section.5}% 20
\BOOKMARK [2][-]{subsection.5.5}{\376\377\000H\000i\000s\000t\000o\000r\000i\000c\000a\000l\000\040\000D\000e\000c\000o\000m\000p\000o\000s\000i\000t\000i\000o\000n}{section.5}% 21
\BOOKMARK [1][-]{section.6}{\376\377\000R\000o\000b\000u\000s\000t\000n\000e\000s\000s\000\040\000T\000e\000s\000t}{}% 22
\BOOKMARK [2][-]{subsection.6.1}{\376\377\000S\000m\000e\000t\000s\040\023\000W\000o\000u\000t\000e\000r\000s\000-\000s\000t\000y\000l\000e\000\040\000M\000o\000d\000e\000l}{section.6}% 23
\BOOKMARK [2][-]{subsection.6.2}{\376\377\000I\000n\000d\000e\000p\000e\000n\000d\000e\000n\000t\000\040\000I\000n\000v\000e\000s\000t\000m\000e\000n\000t\000\040\000D\000e\000m\000a\000n\000d\000\040\000S\000h\000o\000c\000k}{section.6}% 24
\BOOKMARK [2][-]{subsection.6.3}{\376\377\000M\000a\000r\000g\000i\000n\000a\000l\000\040\000E\000f\000f\000i\000c\000i\000e\000n\000c\000y\000\040\000o\000f\000\040\000I\000n\000v\000e\000s\000t\000m\000e\000n\000t\000\040\000S\000h\000o\000c\000k}{section.6}% 25
\BOOKMARK [1][-]{section.7}{\376\377\000C\000o\000n\000c\000l\000u\000s\000i\000o\000n}{}% 26
\BOOKMARK [1][-]{appendix.A}{\376\377\000M\000o\000d\000e\000l\000\040\000S\000o\000l\000u\000t\000i\000o\000n}{}% 27
\BOOKMARK [2][-]{subsection.A.1}{\376\377\000B\000a\000l\000a\000n\000c\000e\000d\000\040\000g\000r\000o\000w\000t\000h\000\040\000a\000n\000d\000\040\000d\000e\000t\000r\000e\000n\000d\000e\000d\000\040\000v\000a\000r\000i\000a\000b\000l\000e\000s}{appendix.A}% 28
\BOOKMARK [2][-]{subsection.A.2}{\376\377\000D\000e\000t\000e\000r\000m\000i\000n\000i\000s\000t\000i\000c\000\040\000s\000t\000e\000a\000d\000y\000\040\000s\000t\000a\000t\000e}{appendix.A}% 29
\BOOKMARK [2][-]{subsection.A.3}{\376\377\000L\000o\000g\000-\000l\000i\000n\000e\000a\000r\000i\000z\000e\000d\000\040\000e\000q\000u\000i\000l\000i\000b\000r\000i\000u\000m\000\040\000c\000o\000n\000d\000i\000t\000i\000o\000n\000s}{appendix.A}% 30
\BOOKMARK [1][-]{appendix.B}{\376\377\000D\000a\000t\000a}{}% 31
\BOOKMARK [2][-]{subsection.B.1}{\376\377\000R\000a\000w\000\040\000s\000e\000r\000i\000e\000s}{appendix.B}% 32
\BOOKMARK [2][-]{subsection.B.2}{\376\377\000T\000r\000a\000n\000s\000f\000o\000r\000m\000a\000t\000i\000o\000n\000s\000\040\000a\000n\000d\000\040\000s\000c\000a\000l\000i\000n\000g}{appendix.B}% 33
\BOOKMARK [1][-]{appendix.C}{\376\377\000O\000t\000h\000e\000r\000\040\000R\000e\000s\000u\000l\000t\000s}{}% 34
\BOOKMARK [2][-]{subsection.C.1}{\376\377\000S\000m\000e\000t\000s\040\023\000W\000o\000u\000t\000e\000r\000s\000-\000s\000t\000y\000l\000e\000\040\000M\000o\000d\000e\000l}{appendix.C}% 35
\BOOKMARK [2][-]{subsection.C.2}{\376\377\000I\000n\000d\000e\000p\000e\000n\000d\000e\000n\000t\000\040\000I\000n\000v\000e\000s\000t\000m\000e\000n\000t\000\040\000D\000e\000m\000a\000n\000d\000\040\000S\000h\000o\000c\000k}{appendix.C}% 36
\BOOKMARK [2][-]{subsection.C.3}{\376\377\000M\000a\000r\000g\000i\000n\000a\000l\000\040\000E\000f\000f\000i\000c\000i\000e\000n\000c\000y\000\040\000o\000f\000\040\000I\000n\000v\000e\000s\000t\000m\000e\000n\000t\000\040\000S\000h\000o\000c\000k}{appendix.C}% 37
